<?xml version="1.0" encoding="ISO-8859-1"?>
<attributes>
<attribute>
<srcPos sline="0" eline="0" spos="0" epos="0"/>
<jmpPos sline="0" eline="0" spos="0" epos="0"/>
<text info="[inner=junit/framework/TestResult$1, outer=null, name=null,flags=0]" aType="InnerClassTag"/>
<text info="soot.tagkit.InnerClassAttribute@7f24a090" aType="InnerClassAttribute"/>
</attribute>
<attribute>
<srcPos sline="0" eline="0" spos="0" epos="0"/>
<jmpPos sline="3" eline="3" spos="0" epos="0"/>
<text info="Signature: Ljava/util/List<Ljunit/framework/TestFailure;>;" aType="SignatureTag"/>
</attribute>
<attribute>
<srcPos sline="0" eline="0" spos="0" epos="0"/>
<jmpPos sline="4" eline="4" spos="0" epos="0"/>
<text info="Signature: Ljava/util/List<Ljunit/framework/TestFailure;>;" aType="SignatureTag"/>
</attribute>
<attribute>
<srcPos sline="0" eline="0" spos="0" epos="0"/>
<jmpPos sline="5" eline="5" spos="0" epos="0"/>
<text info="Signature: Ljava/util/List<Ljunit/framework/TestListener;>;" aType="SignatureTag"/>
</attribute>
<attribute>
<srcPos sline="0" eline="0" spos="0" epos="0"/>
<jmpPos sline="171" eline="171" spos="0" epos="0"/>
<text info="Signature: ()Ljava/util/List<Ljunit/framework/TestListener;>;" aType="SignatureTag"/>
</attribute>
<attribute>
<srcPos sline="0" eline="0" spos="0" epos="0"/>
<jmpPos sline="240" eline="240" spos="0" epos="0"/>
<text info="Signature: ()Ljava/util/Enumeration<Ljunit/framework/TestFailure;>;" aType="SignatureTag"/>
</attribute>
<attribute>
<srcPos sline="0" eline="0" spos="0" epos="0"/>
<jmpPos sline="270" eline="270" spos="0" epos="0"/>
<text info="Signature: ()Ljava/util/Enumeration<Ljunit/framework/TestFailure;>;" aType="SignatureTag"/>
</attribute>
</attributes>
